Diagnose log at 2025-03-06T18:23:13Z

AppPath: C:\Users\Usuario\AppData\Local\Programs\Git\mingw64\bin\git-credential-manager.exe
InstallDir: C:\Users\Usuario\AppData\Local\Programs\Git\mingw64\bin\
Version: 2.4.1

------------
Diagnostic: Environment
Skipped: False
Success: True
Exception: None
Log:
OSType: Windows
OSVersion: 10.0 (build 19045)
Reading environment variables... OK
 Variables:
HOMEPATH=\Users\Usuario
DriverData=C:\Windows\System32\Drivers\DriverData
COMPUTERNAME=RL10-25
SHELL=C:\Users\Usuario\AppData\Local\Programs\Git\usr\bin\bash.exe
MSYSTEM=MINGW64
CommonProgramFiles(x86)=C:\Program Files (x86)\Common Files
OneDrive=C:\Users\Usuario\OneDrive
ProgramFiles(x86)=C:\Program Files (x86)
CONFIG_SITE=C:/Users/Usuario/AppData/Local/Programs/Git/etc/config.site
LC_CTYPE=es_ES.UTF-8
USERDOMAIN=RL10-25
PATHEXT=.COM;.EXE;.BAT;.CMD;.VBS;.VBE;.JS;.JSE;.WSF;.WSH;.MSC
ORIGINAL_TEMP=C:/Users/Usuario/AppData/Local/Temp
MINGW_PREFIX=C:/Users/Usuario/AppData/Local/Programs/Git/mingw64
GIT_EXEC_PATH=C:/Users/Usuario/AppData/Local/Programs/Git/mingw64/libexec/git-core
ACLOCAL_PATH=C:\Users\Usuario\AppData\Local\Programs\Git\mingw64\share\aclocal;C:\Users\Usuario\AppData\Local\Programs\Git\usr\share\aclocal
TEMP=C:\Users\Usuario\AppData\Local\Temp
LOCALAPPDATA=C:\Users\Usuario\AppData\Local
MANPATH=C:\Users\Usuario\AppData\Local\Programs\Git\mingw64\local\man;C:\Users\Usuario\AppData\Local\Programs\Git\mingw64\share\man;C:\Users\Usuario\AppData\Local\Programs\Git\usr\local\man;C:\Users\Usuario\AppData\Local\Programs\Git\usr\share\man;C:\Users\Usuario\AppData\Local\Programs\Git\usr\man;C:\Users\Usuario\AppData\Local\Programs\Git\share\man
TERM=xterm
PROCESSOR_IDENTIFIER=Intel64 Family 6 Model 167 Stepping 1, GenuineIntel
MSYSTEM_CARCH=x86_64
PROGRAMFILES=C:\Program Files (x86)
ProgramData=C:\ProgramData
TERM_PROGRAM_VERSION=3.7.0
ORIGINAL_TMP=C:/Users/Usuario/AppData/Local/Temp
PROCESSOR_REVISION=a701
SYSTEMROOT=C:\WINDOWS
TERM_PROGRAM=mintty
PROCESSOR_LEVEL=6
NUMBER_OF_PROCESSORS=16
SSH_ASKPASS=C:/Users/Usuario/AppData/Local/Programs/Git/mingw64/bin/git-askpass.exe
SHLVL=1
APPDATA=C:\Users\Usuario\AppData\Roaming
SYSTEMDRIVE=C:
PSModulePath=C:\Program Files\WindowsPowerShell\Modules;C:\WINDOWS\system32\WindowsPowerShell\v1.0\Modules
PUBLIC=C:\Users\Public
HOSTNAME=RL10-25
PKG_CONFIG_PATH=C:\Users\Usuario\AppData\Local\Programs\Git\mingw64\lib\pkgconfig;C:\Users\Usuario\AppData\Local\Programs\Git\mingw64\share\pkgconfig
MSYSTEM_CHOST=x86_64-w64-mingw32
IGCCSVC_DB=AQAAANCMnd8BFdERjHoAwE/Cl+sBAAAAlF5k9qOSn0CwDXY79IDxOAQAAAACAAAAAAAQZgAAAAEAACAAAABtAmDDktoj83Zwdecm95kcAc+1DRhcnxzKPSFvwQY8QwAAAAAOgAAAAAIAACAAAABIdEL9zNB5NkrqrBJXrAIp+jIbR+IhBeeVVWNYNLr8c2AAAACYn+bWZJYjD0rEMjtdSynUXdjrOquQwuSoV8CF2+PjovZy6BBv00gyHNDC+vAMitBuIRUXPm4/5Jcv7r6lzNfNEIRZ+6wC5OO/NRfDjjezo+5l1cgNUR9uVjWX+hIrUWVAAAAAb4DXaegDRgi2J1A31ZL9JgJ8WNTjlm0MqJ8LgUJQOn4IJ/avJJvDRGB/oqwD5vqyBuY5g3hE6tw5o0A5ZsG+qA==
PLINK_PROTOCOL=ssh
INFOPATH=C:\Users\Usuario\AppData\Local\Programs\Git\mingw64\local\info;C:\Users\Usuario\AppData\Local\Programs\Git\mingw64\share\info;C:\Users\Usuario\AppData\Local\Programs\Git\usr\local\info;C:\Users\Usuario\AppData\Local\Programs\Git\usr\share\info;C:\Users\Usuario\AppData\Local\Programs\Git\usr\info;C:\Users\Usuario\AppData\Local\Programs\Git\share\info
MSYS=disable_pcon
PATH=C:/Users/Usuario/AppData/Local/Programs/Git/mingw64/libexec/git-core;C:\Users\Usuario\bin;C:\Users\Usuario\AppData\Local\Programs\Git\mingw64\bin;C:\Users\Usuario\AppData\Local\Programs\Git\usr\local\bin;C:\Users\Usuario\AppData\Local\Programs\Git\usr\bin;C:\Users\Usuario\AppData\Local\Programs\Git\usr\bin;C:\Users\Usuario\AppData\Local\Programs\Git\mingw64\bin;C:\Users\Usuario\AppData\Local\Programs\Git\usr\bin;C:\Users\Usuario\bin;C:\WINDOWS\system32;C:\WINDOWS;C:\WINDOWS\System32\Wbem;C:\WINDOWS\System32\WindowsPowerShell\v1.0;C:\WINDOWS\System32\OpenSSH;C:\Program Files\Microsoft SQL Server\130\Tools\Binn;C:\Program Files\nodejs;C:\Users\Usuario\anaconda3;C:\Users\Usuario\anaconda3\Library\mingw-w64\bin;C:\Users\Usuario\anaconda3\Library\usr\bin;C:\Users\Usuario\anaconda3\Library\bin;C:\Users\Usuario\anaconda3\Scripts;C:\Users\Usuario\Documents\flutter\bin;C:\Users\Usuario\AppData\Roaming\npm;C:\Users\Usuario\AppData\Local\Programs\Microsoft VS Code\bin;C:\Users\Usuario\AppData\Local\Programs\Git\cmd;C:\Users\Usuario\AppData\Local\Programs\Git\usr\bin\vendor_perl;C:\Users\Usuario\AppData\Local\Programs\Git\usr\bin\core_perl
MINGW_CHOST=x86_64-w64-mingw32
GIT_TRACE2_PARENT_SID=0a75559a-09a2-4f47-8692-70af9daf6d70
FPS_BROWSER_APP_PROFILE_STRING=Internet Explorer
PKG_CONFIG_SYSTEM_LIBRARY_PATH=C:/Users/Usuario/AppData/Local/Programs/Git/mingw64/lib
TMPDIR=C:\Users\Usuario\AppData\Local\Temp
TMP=C:\Users\Usuario\AppData\Local\Temp
PT8HOME=C:\Program Files\Cisco Packet Tracer 8.1.1
HOME=C:\Users\Usuario
COMSPEC=C:\WINDOWS\system32\cmd.exe
ZES_ENABLE_SYSMAN=1
LOGONSERVER=\\RL10-25
USERPROFILE=C:\Users\Usuario
FPS_BROWSER_USER_PROFILE_STRING=Default
DISPLAY=needs-to-be-defined
COMMONPROGRAMFILES=C:\Program Files (x86)\Common Files
WINDIR=C:\WINDOWS
USERDOMAIN_ROAMINGPROFILE=RL10-25
CommonProgramW6432=C:\Program Files\Common Files
HOMEDRIVE=C:
MSYSTEM_PREFIX=C:/Users/Usuario/AppData/Local/Programs/Git/mingw64
MINGW_PACKAGE_PREFIX=mingw-w64-x86_64
SESSIONNAME=Console
PWD=C:/Users/Usuario/Documents/Laboratorio de Algoritmos
EXEPATH=C:\Users\Usuario\AppData\Local\Programs\Git
USERNAME=Usuario
PROCESSOR_ARCHITEW6432=AMD64
ORIGINAL_PATH=C:\Users\Usuario\AppData\Local\Programs\Git\mingw64\bin;C:\Users\Usuario\AppData\Local\Programs\Git\usr\bin;C:\Users\Usuario\bin;C:\WINDOWS\system32;C:\WINDOWS;C:\WINDOWS\System32\Wbem;C:\WINDOWS\System32\WindowsPowerShell\v1.0;C:\WINDOWS\System32\OpenSSH;C:\Program Files\Microsoft SQL Server\130\Tools\Binn;C:\Program Files\nodejs;C:\Users\Usuario\anaconda3;C:\Users\Usuario\anaconda3\Library\mingw-w64\bin;C:\Users\Usuario\anaconda3\Library\usr\bin;C:\Users\Usuario\anaconda3\Library\bin;C:\Users\Usuario\anaconda3\Scripts;C:\Users\Usuario\Documents\flutter\bin;C:\Users\Usuario\AppData\Roaming\npm;C:\Users\Usuario\AppData\Local\Programs\Microsoft VS Code\bin;C:\Users\Usuario\AppData\Local\Programs\Git\cmd
PROCESSOR_ARCHITECTURE=x86
PS1=\[\033]0;$TITLEPREFIX:$PWD\007\]\n\[\033[32m\]\u@\h \[\033[35m\]$MSYSTEM \[\033[33m\]\w\[\033[36m\]`__git_ps1`\[\033[0m\]\n$ 
OS=Windows_NT
ProgramW6432=C:\Program Files
PKG_CONFIG_SYSTEM_INCLUDE_PATH=C:/Users/Usuario/AppData/Local/Programs/Git/mingw64/include
_=C:/Users/Usuario/AppData/Local/Programs/Git/mingw64/bin/git
ALLUSERSPROFILE=C:\ProgramData


------------
Diagnostic: File system
Skipped: False
Success: True
Exception: None
Log:
Temporary directory is 'C:\Users\Usuario\AppData\Local\Temp\'...
Checking basic file I/O...
Writing to temporary file 'C:\Users\Usuario\AppData\Local\Temp\3a894d5b99442fb899bd5e9d'... OK
Reading from temporary file 'C:\Users\Usuario\AppData\Local\Temp\3a894d5b99442fb899bd5e9d'... OK
Deleting temporary file 'C:\Users\Usuario\AppData\Local\Temp\3a894d5b99442fb899bd5e9d'... OK
Testing IFileSystem instance...
UserHomePath: C:\Users\Usuario
UserDataDirectoryPath: C:\Users\Usuario\.gcm
GetCurrentDirectory(): C:\Users\Usuario\Documents\Laboratorio de Algoritmos

------------
Diagnostic: Networking
Skipped: False
Success: True
Exception: None
Log:
Checking networking and HTTP stack...
Creating HTTP client... OK
IsNetworkAvailable: True
Sending HEAD request to http://example.com...Sending HEAD request to https://example.com... OK
 OK
Acquiring free TCP port... OK
Testing local HTTP loopback connections...
Creating new HTTP listener for http://localhost:50806/... OK
Waiting for loopback connection... OK
Writing response... OK
Waiting for response data... OK
Loopback connection data OK

------------
Diagnostic: Git
Skipped: False
Success: True
Exception: None
Log:
Getting Git version... OK
Git version is '2.44.0.windows.1'
Locating current repository... OK
Git repository at 'C:/Users/Usuario/Documents/Laboratorio de Algoritmos/.git'
Listing all Git configuration... OK
Git configuration:
file:C:/Users/Usuario/AppData/Local/Programs/Git/etc/gitconfig	diff.astextplain.textconv=astextplain
file:C:/Users/Usuario/AppData/Local/Programs/Git/etc/gitconfig	filter.lfs.clean=git-lfs clean -- %f
file:C:/Users/Usuario/AppData/Local/Programs/Git/etc/gitconfig	filter.lfs.smudge=git-lfs smudge -- %f
file:C:/Users/Usuario/AppData/Local/Programs/Git/etc/gitconfig	filter.lfs.process=git-lfs filter-process
file:C:/Users/Usuario/AppData/Local/Programs/Git/etc/gitconfig	filter.lfs.required=true
file:C:/Users/Usuario/AppData/Local/Programs/Git/etc/gitconfig	http.sslbackend=openssl
file:C:/Users/Usuario/AppData/Local/Programs/Git/etc/gitconfig	http.sslcainfo=C:/Users/Usuario/AppData/Local/Programs/Git/mingw64/etc/ssl/certs/ca-bundle.crt
file:C:/Users/Usuario/AppData/Local/Programs/Git/etc/gitconfig	core.autocrlf=true
file:C:/Users/Usuario/AppData/Local/Programs/Git/etc/gitconfig	core.fscache=true
file:C:/Users/Usuario/AppData/Local/Programs/Git/etc/gitconfig	core.symlinks=false
file:C:/Users/Usuario/AppData/Local/Programs/Git/etc/gitconfig	pull.rebase=false
file:C:/Users/Usuario/AppData/Local/Programs/Git/etc/gitconfig	credential.https://dev.azure.com.usehttppath=true
file:C:/Users/Usuario/AppData/Local/Programs/Git/etc/gitconfig	init.defaultbranch=main
file:C:/Users/Usuario/.gitconfig	alias.comin=commit
file:C:/Users/Usuario/.gitconfig	alias.flush=push
file:C:/Users/Usuario/.gitconfig	user.email=santinorofu@gmail.com
file:C:/Users/Usuario/.gitconfig	user.name=SantinoRodriguez
file:C:/Users/Usuario/.gitconfig	filter.lfs.clean=git-lfs clean -- %f
file:C:/Users/Usuario/.gitconfig	filter.lfs.smudge=git-lfs smudge -- %f
file:C:/Users/Usuario/.gitconfig	filter.lfs.process=git-lfs filter-process
file:C:/Users/Usuario/.gitconfig	filter.lfs.required=true
file:C:/Users/Usuario/.gitconfig	init.defaultbranch=main
file:C:/Users/Usuario/.gitconfig	credential.helper=cache
file:C:/Users/Usuario/.gitconfig	credential.helper=
file:C:/Users/Usuario/.gitconfig	credential.helper=C:/Users/Usuario/AppData/Local/Programs/Git/mingw64/bin/git-credential-manager.exe
file:.git/config	core.repositoryformatversion=0
file:.git/config	core.filemode=false
file:.git/config	core.bare=false
file:.git/config	core.logallrefupdates=true
file:.git/config	core.symlinks=false
file:.git/config	core.ignorecase=true
file:.git/config	remote.origin.url=https://github.com/SantinoRodriguez/Laboratorio-de-Algoritmos.git
file:.git/config	remote.origin.fetch=+refs/heads/*:refs/remotes/origin/*
file:.git/config	credential.helper=store
file:.git/config	credential.username=SantinoRodriguez


------------
Diagnostic: Credential storage
Skipped: False
Success: True
Exception: None
Log:
ICredentialStore instance is of type: CredentialStore
Writing test credential... OK
Reading test credential... OK
Deleting test credential... OK

------------
Diagnostic: Microsoft authentication (AAD/MSA)
Skipped: False
Success: True
Exception: None
Log:
Broker is not enabled.
Flow type is: Auto
Gathering MSAL token cache data... OK
CacheDirectory: C:\Users\Usuario\AppData\Local\.IdentityService
CacheFileName: msal.cache
CacheFilePath: C:\Users\Usuario\AppData\Local\.IdentityService\msal.cache
Creating cache helper... OK
Verifying MSAL token cache persistence... OK

------------
Diagnostic: GitHub API
Skipped: False
Success: True
Exception: None
Log:
Using 'https://github.com/' as API target.
Querying '/meta' endpoint... OK

